
/home/runner/work/exp-hopfield-models-iiith/exp-hopfield-models-iiith/experiment/simulation/exp9-bp.js
   7:7   warning  'graph' is assigned a value but never used  no-unused-vars
   9:10  warning  'jsinit' is defined but never used          no-unused-vars
  14:10  warning  'jsanneal' is defined but never used        no-unused-vars
  19:10  warning  'jsreset' is defined but never used         no-unused-vars
  24:10  warning  'jschangegraph' is defined but never used   no-unused-vars

/home/runner/work/exp-hopfield-models-iiith/exp-hopfield-models-iiith/experiment/simulation/exp9-tsp.js
   5:7   warning  'graph' is assigned a value but never used  no-unused-vars
   7:10  warning  'jsinit' is defined but never used          no-unused-vars
  12:10  warning  'jsanneal' is defined but never used        no-unused-vars
  17:10  warning  'jsreset' is defined but never used         no-unused-vars
  22:10  warning  'jschangegraph' is defined but never used   no-unused-vars

/home/runner/work/exp-hopfield-models-iiith/exp-hopfield-models-iiith/experiment/simulation/js/utils.js
    5:17  warning  '$' is not defined               no-undef
   13:3   warning  '$' is not defined               no-undef
   14:10  warning  'SERVER' is not defined          no-undef
   22:38  warning  'xhr' is defined but never used  no-unused-vars
   29:27  warning  '$' is not defined               no-undef
   76:7   warning  '$' is not defined               no-undef
   77:12  warning  'SERVER' is not defined          no-undef
   78:10  warning  'success' is not defined         no-undef
   94:5   warning  '$' is not defined               no-undef
  102:1   warning  '$' is not defined               no-undef

✖ 20 problems (0 errors, 20 warnings)

